<?xml version="1.0" encoding="UTF-8"?>
<!-- Generated by org.testng.reporters.JUnitXMLReporter -->
<testsuite hostname="DELL-PC" ignored="1" name="Test" tests="2" failures="0" timestamp="24 Sep 2017 03:51:58 GMT" time="23.205" errors="0">
  <testcase name="LaunchBrowser" time="22.173" classname="Selenium.TestNg.Groups"/>
  <testcase name="MyInfo" time="0.981" classname="Selenium.TestNg.Groups"/>
  <testcase name="editPersonalDetails" time="0.0" classname="Selenium.TestNg.Groups">
    <ignored/>
  </testcase> <!-- editPersonalDetails -->
</testsuite> <!-- Test -->
