<?xml version="1.0" encoding="UTF-8"?>
<testng-results skipped="0" failed="0" ignored="0" total="1" passed="1">
  <reporter-output>
  </reporter-output>
  <suite name="Default suite" duration-ms="23126" started-at="2017-09-27T02:49:38Z" finished-at="2017-09-27T02:50:01Z">
    <groups>
    </groups>
    <test name="Default test" duration-ms="23126" started-at="2017-09-27T02:49:38Z" finished-at="2017-09-27T02:50:01Z">
      <class name="com.ExtentReports.StartingWithExtentReports">
        <test-method status="PASS" signature="intializeExtentReport()[pri:0, instance:com.ExtentReports.StartingWithExtentReports@6d4b1c02]" name="intializeExtentReport" is-config="true" duration-ms="288" started-at="2017-09-27T08:19:38Z" finished-at="2017-09-27T08:19:38Z">
          <reporter-output>
          </reporter-output>
        </test-method> <!-- intializeExtentReport -->
        <test-method status="PASS" signature="startExtentReport()[pri:0, instance:com.ExtentReports.StartingWithExtentReports@6d4b1c02]" name="startExtentReport" is-config="true" duration-ms="5" started-at="2017-09-27T08:19:38Z" finished-at="2017-09-27T08:19:38Z">
          <reporter-output>
          </reporter-output>
        </test-method> <!-- startExtentReport -->
        <test-method status="PASS" signature="startTest()[pri:0, instance:com.ExtentReports.StartingWithExtentReports@6d4b1c02]" name="startTest" duration-ms="21956" started-at="2017-09-27T08:19:38Z" finished-at="2017-09-27T08:20:00Z">
          <reporter-output>
          </reporter-output>
        </test-method> <!-- startTest -->
        <test-method status="PASS" signature="endExtentReports()[pri:0, instance:com.ExtentReports.StartingWithExtentReports@6d4b1c02]" name="endExtentReports" is-config="true" duration-ms="91" started-at="2017-09-27T08:20:00Z" finished-at="2017-09-27T08:20:00Z">
          <reporter-output>
          </reporter-output>
        </test-method> <!-- endExtentReports -->
        <test-method status="PASS" signature="generateReport()[pri:0, instance:com.ExtentReports.StartingWithExtentReports@6d4b1c02]" name="generateReport" is-config="true" duration-ms="760" started-at="2017-09-27T08:20:00Z" finished-at="2017-09-27T08:20:01Z">
          <reporter-output>
          </reporter-output>
        </test-method> <!-- generateReport -->
      </class> <!-- com.ExtentReports.StartingWithExtentReports -->
    </test> <!-- Default test -->
  </suite> <!-- Default suite -->
</testng-results>
