<?xml version="1.0" encoding="UTF-8"?>
<testng-results skipped="0" failed="0" ignored="0" total="2" passed="2">
  <reporter-output>
  </reporter-output>
  <suite name="Default suite" duration-ms="13544" started-at="2017-09-20T02:51:37Z" finished-at="2017-09-20T02:51:50Z">
    <groups>
    </groups>
    <test name="Default test" duration-ms="13544" started-at="2017-09-20T02:51:37Z" finished-at="2017-09-20T02:51:50Z">
      <class name="Selenium.TestNg.AnnotationsImplementations">
        <test-method status="PASS" signature="getOR()[pri:0, instance:Selenium.TestNg.AnnotationsImplementations@14acaea5]" name="getOR" is-config="true" duration-ms="15" started-at="2017-09-20T08:21:37Z" finished-at="2017-09-20T08:21:37Z">
          <reporter-output>
          </reporter-output>
        </test-method> <!-- getOR -->
        <test-method status="PASS" signature="LaunchBrowser()[pri:1, instance:Selenium.TestNg.AnnotationsImplementations@14acaea5]" name="LaunchBrowser" duration-ms="10144" started-at="2017-09-20T08:21:37Z" finished-at="2017-09-20T08:21:47Z">
          <reporter-output>
          </reporter-output>
        </test-method> <!-- LaunchBrowser -->
        <test-method status="PASS" signature="Login()[pri:2, instance:Selenium.TestNg.AnnotationsImplementations@14acaea5]" name="Login" duration-ms="3355" started-at="2017-09-20T08:21:47Z" finished-at="2017-09-20T08:21:50Z">
          <reporter-output>
          </reporter-output>
        </test-method> <!-- Login -->
      </class> <!-- Selenium.TestNg.AnnotationsImplementations -->
    </test> <!-- Default test -->
  </suite> <!-- Default suite -->
</testng-results>
